# JRE version: Java(TM) SE Runtime Environment (8.0_172-b11) (build 1.8.0_172-b11)
# Java VM: Java HotSpot(TM) 64-Bit Server VM (25.172-b11 mixed mode linux-amd64 compressed oops)
Heap:
 PSYoungGen      total 438784K, used 25591K [0x00000000d7700000, 0x00000000f3c80000, 0x0000000100000000)
  eden space 413184K, 0% used [0x00000000d7700000,0x00000000d7700000,0x00000000f0a80000)
  from space 25600K, 99% used [0x00000000f2380000,0x00000000f3c7dea0,0x00000000f3c80000)
  to   space 25600K, 0% used [0x00000000f0a80000,0x00000000f0a80000,0x00000000f2380000)
 ParOldGen       total 108544K, used 36564K [0x0000000086400000, 0x000000008ce00000, 0x00000000d7700000)
  object space 108544K, 33% used [0x0000000086400000,0x00000000887b5348,0x000000008ce00000)
 Metaspace       used 60433K, capacity 63348K, committed 63656K, reserved 1103872K
  class space    used 8271K, capacity 8813K, committed 8880K, reserved 1048576K
GC Heap History (10 events):
Event: 82.424 GC heap after
Heap after GC invocations=16 (full 3):
 PSYoungGen      total 334336K, used 4035K [0x00000000d7700000, 0x00000000f3900000, 0x0000000100000000)
  eden space 313344K, 0% used [0x00000000d7700000,0x00000000d7700000,0x00000000ea900000)
  from space 20992K, 19% used [0x00000000ea900000,0x00000000eacf0c90,0x00000000ebd80000)
  to   space 20992K, 0% used [0x00000000f2480000,0x00000000f2480000,0x00000000f3900000)
 ParOldGen       total 108544K, used 33481K [0x0000000086400000, 0x000000008ce00000, 0x00000000d7700000)
  object space 108544K, 30% used [0x0000000086400000,0x00000000884b27d8,0x000000008ce00000)
 Metaspace       used 59034K, capacity 61772K, committed 61992K, reserved 1101824K
  class space    used 8190K, capacity 8670K, committed 8752K, reserved 1048576K
}
Event: 82.424 GC heap before
{Heap before GC invocations=17 (full 4):
 PSYoungGen      total 334336K, used 4035K [0x00000000d7700000, 0x00000000f3900000, 0x0000000100000000)
  eden space 313344K, 0% used [0x00000000d7700000,0x00000000d7700000,0x00000000ea900000)
  from space 20992K, 19% used [0x00000000ea900000,0x00000000eacf0c90,0x00000000ebd80000)
  to   space 20992K, 0% used [0x00000000f2480000,0x00000000f2480000,0x00000000f3900000)
 ParOldGen       total 108544K, used 33481K [0x0000000086400000, 0x000000008ce00000, 0x00000000d7700000)
  object space 108544K, 30% used [0x0000000086400000,0x00000000884b27d8,0x000000008ce00000)
 Metaspace       used 59034K, capacity 61772K, committed 61992K, reserved 1101824K
  class space    used 8190K, capacity 8670K, committed 8752K, reserved 1048576K
Event: 82.580 GC heap after
Heap after GC invocations=17 (full 4):
 PSYoungGen      total 334336K, used 0K [0x00000000d7700000, 0x00000000f3900000, 0x0000000100000000)
  eden space 313344K, 0% used [0x00000000d7700000,0x00000000d7700000,0x00000000ea900000)
  from space 20992K, 0% used [0x00000000ea900000,0x00000000ea900000,0x00000000ebd80000)
  to   space 20992K, 0% used [0x00000000f2480000,0x00000000f2480000,0x00000000f3900000)
 ParOldGen       total 108544K, used 27555K [0x0000000086400000, 0x000000008ce00000, 0x00000000d7700000)
  object space 108544K, 25% used [0x0000000086400000,0x0000000087ee8dc8,0x000000008ce00000)
 Metaspace       used 59034K, capacity 61772K, committed 61992K, reserved 1101824K
  class space    used 8190K, capacity 8670K, committed 8752K, reserved 1048576K
}
Event: 83.718 GC heap before
{Heap before GC invocations=18 (full 4):
 PSYoungGen      total 334336K, used 313328K [0x00000000d7700000, 0x00000000f3900000, 0x0000000100000000)
  eden space 313344K, 99% used [0x00000000d7700000,0x00000000ea8fc148,0x00000000ea900000)
  from space 20992K, 0% used [0x00000000ea900000,0x00000000ea900000,0x00000000ebd80000)
  to   space 20992K, 0% used [0x00000000f2480000,0x00000000f2480000,0x00000000f3900000)
 ParOldGen       total 108544K, used 27555K [0x0000000086400000, 0x000000008ce00000, 0x00000000d7700000)
  object space 108544K, 25% used [0x0000000086400000,0x0000000087ee8dc8,0x000000008ce00000)
 Metaspace       used 59323K, capacity 62098K, committed 62248K, reserved 1103872K
  class space    used 8203K, capacity 8711K, committed 8752K, reserved 1048576K
Event: 83.767 GC heap after
Heap after GC invocations=18 (full 4):
 PSYoungGen      total 434176K, used 20974K [0x00000000d7700000, 0x00000000f3c80000, 0x0000000100000000)
  eden space 413184K, 0% used [0x00000000d7700000,0x00000000d7700000,0x00000000f0a80000)
  from space 20992K, 99% used [0x00000000f2480000,0x00000000f38fbb68,0x00000000f3900000)
  to   space 25600K, 0% used [0x00000000f0a80000,0x00000000f0a80000,0x00000000f2380000)
 ParOldGen       total 108544K, used 32001K [0x0000000086400000, 0x000000008ce00000, 0x00000000d7700000)
  object space 108544K, 29% used [0x0000000086400000,0x0000000088340600,0x000000008ce00000)
 Metaspace       used 59323K, capacity 62098K, committed 62248K, reserved 1103872K
  class space    used 8203K, capacity 8711K, committed 8752K, reserved 1048576K
}
Event: 445.966 GC heap before
{Heap before GC invocations=19 (full 4):
 PSYoungGen      total 434176K, used 172544K [0x00000000d7700000, 0x00000000f3c80000, 0x0000000100000000)
  eden space 413184K, 36% used [0x00000000d7700000,0x00000000e0b04660,0x00000000f0a80000)
  from space 20992K, 99% used [0x00000000f2480000,0x00000000f38fbb68,0x00000000f3900000)
  to   space 25600K, 0% used [0x00000000f0a80000,0x00000000f0a80000,0x00000000f2380000)
 ParOldGen       total 108544K, used 32001K [0x0000000086400000, 0x000000008ce00000, 0x00000000d7700000)
  object space 108544K, 29% used [0x0000000086400000,0x0000000088340600,0x000000008ce00000)
 Metaspace       used 59826K, capacity 62704K, committed 62760K, reserved 1103872K
  class space    used 8233K, capacity 8735K, committed 8752K, reserved 1048576K
Event: 451.623 GC heap after
Heap after GC invocations=19 (full 4):
 PSYoungGen      total 438784K, used 3248K [0x00000000d7700000, 0x00000000f3c80000, 0x0000000100000000)
  eden space 413184K, 0% used [0x00000000d7700000,0x00000000d7700000,0x00000000f0a80000)
  from space 25600K, 12% used [0x00000000f0a80000,0x00000000f0dac098,0x00000000f2380000)
  to   space 25600K, 0% used [0x00000000f2380000,0x00000000f2380000,0x00000000f3c80000)
 ParOldGen       total 108544K, used 37457K [0x0000000086400000, 0x000000008ce00000, 0x00000000d7700000)
  object space 108544K, 34% used [0x0000000086400000,0x0000000088894620,0x000000008ce00000)
 Metaspace       used 59826K, capacity 62704K, committed 62760K, reserved 1103872K
  class space    used 8233K, capacity 8735K, committed 8752K, reserved 1048576K
}
Event: 451.826 GC heap before
{Heap before GC invocations=20 (full 5):
 PSYoungGen      total 438784K, used 3248K [0x00000000d7700000, 0x00000000f3c80000, 0x0000000100000000)
  eden space 413184K, 0% used [0x00000000d7700000,0x00000000d7700000,0x00000000f0a80000)
  from space 25600K, 12% used [0x00000000f0a80000,0x00000000f0dac098,0x00000000f2380000)
  to   space 25600K, 0% used [0x00000000f2380000,0x00000000f2380000,0x00000000f3c80000)
 ParOldGen       total 108544K, used 37457K [0x0000000086400000, 0x000000008ce00000, 0x00000000d7700000)
  object space 108544K, 34% used [0x0000000086400000,0x0000000088894620,0x000000008ce00000)
 Metaspace       used 59826K, capacity 62704K, committed 62760K, reserved 1103872K
  class space    used 8233K, capacity 8735K, committed 8752K, reserved 1048576K
Event: 456.372 GC heap after
Heap after GC invocations=20 (full 5):
 PSYoungGen      total 438784K, used 0K [0x00000000d7700000, 0x00000000f3c80000, 0x0000000100000000)
  eden space 413184K, 0% used [0x00000000d7700000,0x00000000d7700000,0x00000000f0a80000)
  from space 25600K, 0% used [0x00000000f0a80000,0x00000000f0a80000,0x00000000f2380000)
  to   space 25600K, 0% used [0x00000000f2380000,0x00000000f2380000,0x00000000f3c80000)
 ParOldGen       total 108544K, used 33619K [0x0000000086400000, 0x000000008ce00000, 0x00000000d7700000)
  object space 108544K, 30% used [0x0000000086400000,0x00000000884d4f68,0x000000008ce00000)
 Metaspace       used 59822K, capacity 62698K, committed 62760K, reserved 1103872K
  class space    used 8232K, capacity 8734K, committed 8752K, reserved 1048576K
}
Event: 937.854 GC heap before
{Heap before GC invocations=21 (full 5):
 PSYoungGen      total 438784K, used 413184K [0x00000000d7700000, 0x00000000f3c80000, 0x0000000100000000)
  eden space 413184K, 100% used [0x00000000d7700000,0x00000000f0a80000,0x00000000f0a80000)
  from space 25600K, 0% used [0x00000000f0a80000,0x00000000f0a80000,0x00000000f2380000)
  to   space 25600K, 0% used [0x00000000f2380000,0x00000000f2380000,0x00000000f3c80000)
 ParOldGen       total 108544K, used 33619K [0x0000000086400000, 0x000000008ce00000, 0x00000000d7700000)
  object space 108544K, 30% used [0x0000000086400000,0x00000000884d4f68,0x000000008ce00000)
 Metaspace       used 60433K, capacity 63348K, committed 63656K, reserved 1103872K
  class space    used 8271K, capacity 8813K, committed 8880K, reserved 1048576K

