# JRE version: Java(TM) SE Runtime Environment (8.0_172-b11) (build 1.8.0_172-b11)
# Java VM: Java HotSpot(TM) 64-Bit Server VM (25.172-b11 mixed mode linux-amd64 compressed oops)
Heap:
 PSYoungGen      total 500736K, used 9868K [0x00000000d7700000, 0x00000000f8400000, 0x0000000100000000)
  eden space 466944K, 0% used [0x00000000d7700000,0x00000000d7700000,0x00000000f3f00000)
  from space 33792K, 29% used [0x00000000f3f00000,0x00000000f48a3120,0x00000000f6000000)
  to   space 29696K, 0% used [0x00000000f6000000,0x00000000f6000000,0x00000000f7d00000)
 ParOldGen       total 115712K, used 40069K [0x0000000086400000, 0x000000008d500000, 0x00000000d7700000)
  object space 115712K, 34% used [0x0000000086400000,0x0000000088b21640,0x000000008d500000)
 Metaspace       used 66224K, capacity 69508K, committed 69800K, reserved 1110016K
  class space    used 8926K, capacity 9522K, committed 9648K, reserved 1048576K
GC Heap History (10 events):
Event: 155.722 GC heap after
Heap after GC invocations=20 (full 5):
 PSYoungGen      total 392704K, used 0K [0x00000000d7700000, 0x00000000f0f80000, 0x0000000100000000)
  eden space 368128K, 0% used [0x00000000d7700000,0x00000000d7700000,0x00000000ede80000)
  from space 24576K, 0% used [0x00000000ede80000,0x00000000ede80000,0x00000000ef680000)
  to   space 24576K, 0% used [0x00000000ef780000,0x00000000ef780000,0x00000000f0f80000)
 ParOldGen       total 115712K, used 35750K [0x0000000086400000, 0x000000008d500000, 0x00000000d7700000)
  object space 115712K, 30% used [0x0000000086400000,0x00000000886e9b00,0x000000008d500000)
 Metaspace       used 64591K, capacity 67592K, committed 67752K, reserved 1107968K
  class space    used 8816K, capacity 9353K, committed 9392K, reserved 1048576K
}
Event: 156.918 GC heap before
{Heap before GC invocations=21 (full 5):
 PSYoungGen      total 392704K, used 368128K [0x00000000d7700000, 0x00000000f0f80000, 0x0000000100000000)
  eden space 368128K, 100% used [0x00000000d7700000,0x00000000ede80000,0x00000000ede80000)
  from space 24576K, 0% used [0x00000000ede80000,0x00000000ede80000,0x00000000ef680000)
  to   space 24576K, 0% used [0x00000000ef780000,0x00000000ef780000,0x00000000f0f80000)
 ParOldGen       total 115712K, used 35750K [0x0000000086400000, 0x000000008d500000, 0x00000000d7700000)
  object space 115712K, 30% used [0x0000000086400000,0x00000000886e9b00,0x000000008d500000)
 Metaspace       used 64912K, capacity 67940K, committed 68136K, reserved 1107968K
  class space    used 8827K, capacity 9395K, committed 9520K, reserved 1048576K
Event: 156.957 GC heap after
Heap after GC invocations=21 (full 5):
 PSYoungGen      total 389120K, used 24573K [0x00000000d7700000, 0x00000000f7c00000, 0x0000000100000000)
  eden space 364544K, 0% used [0x00000000d7700000,0x00000000d7700000,0x00000000edb00000)
  from space 24576K, 99% used [0x00000000ef780000,0x00000000f0f7f6a8,0x00000000f0f80000)
  to   space 29184K, 0% used [0x00000000edb00000,0x00000000edb00000,0x00000000ef780000)
 ParOldGen       total 115712K, used 38342K [0x0000000086400000, 0x000000008d500000, 0x00000000d7700000)
  object space 115712K, 33% used [0x0000000086400000,0x0000000088971840,0x000000008d500000)
 Metaspace       used 64912K, capacity 67940K, committed 68136K, reserved 1107968K
  class space    used 8827K, capacity 9395K, committed 9520K, reserved 1048576K
}
Event: 161.858 GC heap before
{Heap before GC invocations=22 (full 5):
 PSYoungGen      total 389120K, used 96421K [0x00000000d7700000, 0x00000000f7c00000, 0x0000000100000000)
  eden space 364544K, 19% used [0x00000000d7700000,0x00000000dbd29e90,0x00000000edb00000)
  from space 24576K, 99% used [0x00000000ef780000,0x00000000f0f7f6a8,0x00000000f0f80000)
  to   space 29184K, 0% used [0x00000000edb00000,0x00000000edb00000,0x00000000ef780000)
 ParOldGen       total 115712K, used 38342K [0x0000000086400000, 0x000000008d500000, 0x00000000d7700000)
  object space 115712K, 33% used [0x0000000086400000,0x0000000088971840,0x000000008d500000)
 Metaspace       used 65257K, capacity 68362K, committed 68648K, reserved 1107968K
  class space    used 8845K, capacity 9411K, committed 9520K, reserved 1048576K
Event: 161.869 GC heap after
Heap after GC invocations=22 (full 5):
 PSYoungGen      total 393728K, used 1344K [0x00000000d7700000, 0x00000000f7d00000, 0x0000000100000000)
  eden space 364544K, 0% used [0x00000000d7700000,0x00000000d7700000,0x00000000edb00000)
  from space 29184K, 4% used [0x00000000edb00000,0x00000000edc50090,0x00000000ef780000)
  to   space 29696K, 0% used [0x00000000f6000000,0x00000000f6000000,0x00000000f7d00000)
 ParOldGen       total 115712K, used 44126K [0x0000000086400000, 0x000000008d500000, 0x00000000d7700000)
  object space 115712K, 38% used [0x0000000086400000,0x0000000088f17878,0x000000008d500000)
 Metaspace       used 65257K, capacity 68362K, committed 68648K, reserved 1107968K
  class space    used 8845K, capacity 9411K, committed 9520K, reserved 1048576K
}
Event: 161.869 GC heap before
{Heap before GC invocations=23 (full 6):
 PSYoungGen      total 393728K, used 1344K [0x00000000d7700000, 0x00000000f7d00000, 0x0000000100000000)
  eden space 364544K, 0% used [0x00000000d7700000,0x00000000d7700000,0x00000000edb00000)
  from space 29184K, 4% used [0x00000000edb00000,0x00000000edc50090,0x00000000ef780000)
  to   space 29696K, 0% used [0x00000000f6000000,0x00000000f6000000,0x00000000f7d00000)
 ParOldGen       total 115712K, used 44126K [0x0000000086400000, 0x000000008d500000, 0x00000000d7700000)
  object space 115712K, 38% used [0x0000000086400000,0x0000000088f17878,0x000000008d500000)
 Metaspace       used 65257K, capacity 68362K, committed 68648K, reserved 1107968K
  class space    used 8845K, capacity 9411K, committed 9520K, reserved 1048576K
Event: 162.059 GC heap after
Heap after GC invocations=23 (full 6):
 PSYoungGen      total 393728K, used 0K [0x00000000d7700000, 0x00000000f7d00000, 0x0000000100000000)
  eden space 364544K, 0% used [0x00000000d7700000,0x00000000d7700000,0x00000000edb00000)
  from space 29184K, 0% used [0x00000000edb00000,0x00000000edb00000,0x00000000ef780000)
  to   space 29696K, 0% used [0x00000000f6000000,0x00000000f6000000,0x00000000f7d00000)
 ParOldGen       total 115712K, used 40053K [0x0000000086400000, 0x000000008d500000, 0x00000000d7700000)
  object space 115712K, 34% used [0x0000000086400000,0x0000000088b1d640,0x000000008d500000)
 Metaspace       used 65254K, capacity 68356K, committed 68648K, reserved 1107968K
  class space    used 8844K, capacity 9410K, committed 9520K, reserved 1048576K
}
Event: 163.077 GC heap before
{Heap before GC invocations=24 (full 6):
 PSYoungGen      total 393728K, used 364544K [0x00000000d7700000, 0x00000000f7d00000, 0x0000000100000000)
  eden space 364544K, 100% used [0x00000000d7700000,0x00000000edb00000,0x00000000edb00000)
  from space 29184K, 0% used [0x00000000edb00000,0x00000000edb00000,0x00000000ef780000)
  to   space 29696K, 0% used [0x00000000f6000000,0x00000000f6000000,0x00000000f7d00000)
 ParOldGen       total 115712K, used 40053K [0x0000000086400000, 0x000000008d500000, 0x00000000d7700000)
  object space 115712K, 34% used [0x0000000086400000,0x0000000088b1d640,0x000000008d500000)
 Metaspace       used 65473K, capacity 68674K, committed 68904K, reserved 1107968K
  class space    used 8861K, capacity 9461K, committed 9520K, reserved 1048576K
Event: 163.122 GC heap after
Heap after GC invocations=24 (full 6):
 PSYoungGen      total 496640K, used 27518K [0x00000000d7700000, 0x00000000f8400000, 0x0000000100000000)
  eden space 466944K, 0% used [0x00000000d7700000,0x00000000d7700000,0x00000000f3f00000)
  from space 29696K, 92% used [0x00000000f6000000,0x00000000f7adfab0,0x00000000f7d00000)
  to   space 33792K, 0% used [0x00000000f3f00000,0x00000000f3f00000,0x00000000f6000000)
 ParOldGen       total 115712K, used 40061K [0x0000000086400000, 0x000000008d500000, 0x00000000d7700000)
  object space 115712K, 34% used [0x0000000086400000,0x0000000088b1f640,0x000000008d500000)
 Metaspace       used 65473K, capacity 68674K, committed 68904K, reserved 1107968K
  class space    used 8861K, capacity 9461K, committed 9520K, reserved 1048576K
}
Event: 4604.975 GC heap before
{Heap before GC invocations=25 (full 6):
 PSYoungGen      total 496640K, used 494462K [0x00000000d7700000, 0x00000000f8400000, 0x0000000100000000)
  eden space 466944K, 100% used [0x00000000d7700000,0x00000000f3f00000,0x00000000f3f00000)
  from space 29696K, 92% used [0x00000000f6000000,0x00000000f7adfab0,0x00000000f7d00000)
  to   space 33792K, 0% used [0x00000000f3f00000,0x00000000f3f00000,0x00000000f6000000)
 ParOldGen       total 115712K, used 40061K [0x0000000086400000, 0x000000008d500000, 0x00000000d7700000)
  object space 115712K, 34% used [0x0000000086400000,0x0000000088b1f640,0x000000008d500000)
 Metaspace       used 66224K, capacity 69508K, committed 69800K, reserved 1110016K
  class space    used 8926K, capacity 9522K, committed 9648K, reserved 1048576K

