# JRE version: Java(TM) SE Runtime Environment (8.0_172-b11) (build 1.8.0_172-b11)
# Java VM: Java HotSpot(TM) 64-Bit Server VM (25.172-b11 mixed mode linux-amd64 compressed oops)
Heap:
 PSYoungGen      total 349184K, used 25581K [0x00000000d7700000, 0x00000000ef700000, 0x0000000100000000)
  eden space 323584K, 0% used [0x00000000d7700000,0x00000000d7700000,0x00000000eb300000)
  from space 25600K, 99% used [0x00000000eb300000,0x00000000ecbfb478,0x00000000ecc00000)
  to   space 24576K, 0% used [0x00000000ecc00000,0x00000000ecc00000,0x00000000ee400000)
 ParOldGen       total 84992K, used 20538K [0x0000000086400000, 0x000000008b700000, 0x00000000d7700000)
  object space 84992K, 24% used [0x0000000086400000,0x000000008780e8b0,0x000000008b700000)
 Metaspace       used 55738K, capacity 58090K, committed 58408K, reserved 1099776K
  class space    used 7674K, capacity 8116K, committed 8240K, reserved 1048576K
GC Heap History (10 events):
Event: 2.519 GC heap after
Heap after GC invocations=6 (full 1):
 PSYoungGen      total 130048K, used 5101K [0x00000000d7700000, 0x00000000e5200000, 0x0000000100000000)
  eden space 124928K, 0% used [0x00000000d7700000,0x00000000d7700000,0x00000000df100000)
  from space 5120K, 99% used [0x00000000df100000,0x00000000df5fb6d0,0x00000000df600000)
  to   space 11264K, 0% used [0x00000000e4700000,0x00000000e4700000,0x00000000e5200000)
 ParOldGen       total 55296K, used 10374K [0x0000000086400000, 0x0000000089a00000, 0x00000000d7700000)
  object space 55296K, 18% used [0x0000000086400000,0x0000000086e21960,0x0000000089a00000)
 Metaspace       used 24448K, capacity 25254K, committed 25392K, reserved 1071104K
  class space    used 3131K, capacity 3323K, committed 3376K, reserved 1048576K
}
Event: 2.878 GC heap before
{Heap before GC invocations=7 (full 1):
 PSYoungGen      total 130048K, used 130029K [0x00000000d7700000, 0x00000000e5200000, 0x0000000100000000)
  eden space 124928K, 100% used [0x00000000d7700000,0x00000000df100000,0x00000000df100000)
  from space 5120K, 99% used [0x00000000df100000,0x00000000df5fb6d0,0x00000000df600000)
  to   space 11264K, 0% used [0x00000000e4700000,0x00000000e4700000,0x00000000e5200000)
 ParOldGen       total 55296K, used 10374K [0x0000000086400000, 0x0000000089a00000, 0x00000000d7700000)
  object space 55296K, 18% used [0x0000000086400000,0x0000000086e21960,0x0000000089a00000)
 Metaspace       used 24571K, capacity 25382K, committed 25648K, reserved 1071104K
  class space    used 3135K, capacity 3323K, committed 3376K, reserved 1048576K
Event: 2.908 GC heap after
Heap after GC invocations=7 (full 1):
 PSYoungGen      total 206848K, used 11244K [0x00000000d7700000, 0x00000000e6800000, 0x0000000100000000)
  eden space 195584K, 0% used [0x00000000d7700000,0x00000000d7700000,0x00000000e3600000)
  from space 11264K, 99% used [0x00000000e4700000,0x00000000e51fb038,0x00000000e5200000)
  to   space 17408K, 0% used [0x00000000e3600000,0x00000000e3600000,0x00000000e4700000)
 ParOldGen       total 55296K, used 17827K [0x0000000086400000, 0x0000000089a00000, 0x00000000d7700000)
  object space 55296K, 32% used [0x0000000086400000,0x0000000087568f30,0x0000000089a00000)
 Metaspace       used 24571K, capacity 25382K, committed 25648K, reserved 1071104K
  class space    used 3135K, capacity 3323K, committed 3376K, reserved 1048576K
}
Event: 4.637 GC heap before
{Heap before GC invocations=8 (full 1):
 PSYoungGen      total 206848K, used 206828K [0x00000000d7700000, 0x00000000e6800000, 0x0000000100000000)
  eden space 195584K, 100% used [0x00000000d7700000,0x00000000e3600000,0x00000000e3600000)
  from space 11264K, 99% used [0x00000000e4700000,0x00000000e51fb038,0x00000000e5200000)
  to   space 17408K, 0% used [0x00000000e3600000,0x00000000e3600000,0x00000000e4700000)
 ParOldGen       total 55296K, used 17827K [0x0000000086400000, 0x0000000089a00000, 0x00000000d7700000)
  object space 55296K, 32% used [0x0000000086400000,0x0000000087568f30,0x0000000089a00000)
 Metaspace       used 33338K, capacity 34948K, committed 35120K, reserved 1079296K
  class space    used 4326K, capacity 4653K, committed 4656K, reserved 1048576K
Event: 4.667 GC heap after
Heap after GC invocations=8 (full 1):
 PSYoungGen      total 212992K, used 17402K [0x00000000d7700000, 0x00000000ee400000, 0x0000000100000000)
  eden space 195584K, 0% used [0x00000000d7700000,0x00000000d7700000,0x00000000e3600000)
  from space 17408K, 99% used [0x00000000e3600000,0x00000000e46feb00,0x00000000e4700000)
  to   space 24576K, 0% used [0x00000000ecc00000,0x00000000ecc00000,0x00000000ee400000)
 ParOldGen       total 55296K, used 25568K [0x0000000086400000, 0x0000000089a00000, 0x00000000d7700000)
  object space 55296K, 46% used [0x0000000086400000,0x0000000087cf8288,0x0000000089a00000)
 Metaspace       used 33338K, capacity 34948K, committed 35120K, reserved 1079296K
  class space    used 4326K, capacity 4653K, committed 4656K, reserved 1048576K
}
Event: 4.765 GC heap before
{Heap before GC invocations=9 (full 1):
 PSYoungGen      total 212992K, used 39930K [0x00000000d7700000, 0x00000000ee400000, 0x0000000100000000)
  eden space 195584K, 11% used [0x00000000d7700000,0x00000000d8cffdd0,0x00000000e3600000)
  from space 17408K, 99% used [0x00000000e3600000,0x00000000e46feb00,0x00000000e4700000)
  to   space 24576K, 0% used [0x00000000ecc00000,0x00000000ecc00000,0x00000000ee400000)
 ParOldGen       total 55296K, used 25568K [0x0000000086400000, 0x0000000089a00000, 0x00000000d7700000)
  object space 55296K, 46% used [0x0000000086400000,0x0000000087cf8288,0x0000000089a00000)
 Metaspace       used 33813K, capacity 35330K, committed 35496K, reserved 1079296K
  class space    used 4375K, capacity 4690K, committed 4784K, reserved 1048576K
Event: 4.777 GC heap after
Heap after GC invocations=9 (full 1):
 PSYoungGen      total 348160K, used 15963K [0x00000000d7700000, 0x00000000ef700000, 0x0000000100000000)
  eden space 323584K, 0% used [0x00000000d7700000,0x00000000d7700000,0x00000000eb300000)
  from space 24576K, 64% used [0x00000000ecc00000,0x00000000edb96f08,0x00000000ee400000)
  to   space 25600K, 0% used [0x00000000eb300000,0x00000000eb300000,0x00000000ecc00000)
 ParOldGen       total 55296K, used 25576K [0x0000000086400000, 0x0000000089a00000, 0x00000000d7700000)
  object space 55296K, 46% used [0x0000000086400000,0x0000000087cfa288,0x0000000089a00000)
 Metaspace       used 33813K, capacity 35330K, committed 35496K, reserved 1079296K
  class space    used 4375K, capacity 4690K, committed 4784K, reserved 1048576K
}
Event: 4.777 GC heap before
{Heap before GC invocations=10 (full 2):
 PSYoungGen      total 348160K, used 15963K [0x00000000d7700000, 0x00000000ef700000, 0x0000000100000000)
  eden space 323584K, 0% used [0x00000000d7700000,0x00000000d7700000,0x00000000eb300000)
  from space 24576K, 64% used [0x00000000ecc00000,0x00000000edb96f08,0x00000000ee400000)
  to   space 25600K, 0% used [0x00000000eb300000,0x00000000eb300000,0x00000000ecc00000)
 ParOldGen       total 55296K, used 25576K [0x0000000086400000, 0x0000000089a00000, 0x00000000d7700000)
  object space 55296K, 46% used [0x0000000086400000,0x0000000087cfa288,0x0000000089a00000)
 Metaspace       used 33813K, capacity 35330K, committed 35496K, reserved 1079296K
  class space    used 4375K, capacity 4690K, committed 4784K, reserved 1048576K
Event: 4.858 GC heap after
Heap after GC invocations=10 (full 2):
 PSYoungGen      total 348160K, used 0K [0x00000000d7700000, 0x00000000ef700000, 0x0000000100000000)
  eden space 323584K, 0% used [0x00000000d7700000,0x00000000d7700000,0x00000000eb300000)
  from space 24576K, 0% used [0x00000000ecc00000,0x00000000ecc00000,0x00000000ee400000)
  to   space 25600K, 0% used [0x00000000eb300000,0x00000000eb300000,0x00000000ecc00000)
 ParOldGen       total 84992K, used 19781K [0x0000000086400000, 0x000000008b700000, 0x00000000d7700000)
  object space 84992K, 23% used [0x0000000086400000,0x0000000087751698,0x000000008b700000)
 Metaspace       used 33813K, capacity 35330K, committed 35496K, reserved 1079296K
  class space    used 4375K, capacity 4690K, committed 4784K, reserved 1048576K
}
Event: 8.537 GC heap before
{Heap before GC invocations=11 (full 2):
 PSYoungGen      total 348160K, used 323584K [0x00000000d7700000, 0x00000000ef700000, 0x0000000100000000)
  eden space 323584K, 100% used [0x00000000d7700000,0x00000000eb300000,0x00000000eb300000)
  from space 24576K, 0% used [0x00000000ecc00000,0x00000000ecc00000,0x00000000ee400000)
  to   space 25600K, 0% used [0x00000000eb300000,0x00000000eb300000,0x00000000ecc00000)
 ParOldGen       total 84992K, used 19781K [0x0000000086400000, 0x000000008b700000, 0x00000000d7700000)
  object space 84992K, 23% used [0x0000000086400000,0x0000000087751698,0x000000008b700000)
 Metaspace       used 55738K, capacity 58090K, committed 58408K, reserved 1099776K
  class space    used 7674K, capacity 8116K, committed 8240K, reserved 1048576K

